[2024-05-16 23:48:02]: info: Server running on port 8080
 [2024-05-16 23:51:52]: info: Server running on port 8080
[2024-05-16 23:54:10]: info: Server running on port 8080
[2024-05-16 23:54:17]: http: ::1 - - [16/May/2024:20:54:17 +0000] "POST /api/users/login HTTP/1.1" 200 98 "-" "PostmanRuntime/7.39.0"
[2024-05-16 23:54:33]: http: ::1 - - [16/May/2024:20:54:33 +0000] "POST /api/users/logi HTTP/1.1" 404 1309 "-" "PostmanRuntime/7.39.0"
[2024-05-17 00:09:36]: info: Server running on port 8080
[2024-05-17 00:09:44]: http: ::1 - - [16/May/2024:21:09:44 +0000] "POST /api/users/logi HTTP/1.1" 404 1309 "-" "PostmanRuntime/7.39.0"
[2024-05-17 00:11:48]: http: ::1 - - [16/May/2024:21:11:48 +0000] "POST /api/users/logi HTTP/1.1" 404 1309 "-" "PostmanRuntime/7.39.0"
[2024-05-17 00:12:26]: http: ::1 - - [16/May/2024:21:12:26 +0000] "POST /api/users/logi HTTP/1.1" 404 1309 "-" "PostmanRuntime/7.39.0"
[2024-05-17 00:12:41]: http: ::1 - - [16/May/2024:21:12:41 +0000] "POST /api/users/logi HTTP/1.1" 404 1309 "-" "PostmanRuntime/7.39.0"
[2024-05-17 00:12:44]: http: ::1 - - [16/May/2024:21:12:44 +0000] "POST /api/users/logi HTTP/1.1" 404 1309 "-" "PostmanRuntime/7.39.0"
[2024-05-17 00:15:17]: http: ::1 - - [16/May/2024:21:15:17 +0000] "POST /api/users/logi HTTP/1.1" 404 1309 "-" "PostmanRuntime/7.39.0"
[2024-05-17 00:17:59]: http: ::1 - - [16/May/2024:21:17:59 +0000] "POST /api/users/logi HTTP/1.1" 404 1309 "-" "PostmanRuntime/7.39.0"
[2024-05-17 10:08:00]: info: Server running on port 8080
[2024-05-17 10:08:25]: http: ::1 - - [17/May/2024:07:08:25 +0000] "POST /api/users/logi HTTP/1.1" 404 1309 "-" "PostmanRuntime/7.39.0"
[2024-05-17 10:11:57]: info: Server running on port 8080
[2024-05-17 10:12:20]: http: ::1 - - [17/May/2024:07:12:20 +0000] "POST /api/users/logi HTTP/1.1" 404 1309 "-" "PostmanRuntime/7.39.0"
[2024-05-17 10:19:40]: info: Server running on port 8080
[2024-05-17 10:19:51]: http: ::1 - - [17/May/2024:07:19:51 +0000] "POST /api/users/logi HTTP/1.1" 404 1309 "-" "PostmanRuntime/7.39.0"
[2024-05-17 10:22:48]: http: ::1 - - [17/May/2024:07:22:48 +0000] "POST /api/users/logi HTTP/1.1" 404 1309 "-" "PostmanRuntime/7.39.0"
[2024-05-18 14:35:14]: info: Server running on port 8080
[2024-05-18 14:35:41]: error: Status: error, Message: NOT_FOUND, Stack: Error: NOT_FOUND
    at notFound (C:\Users\yohan\Music\Teyake.com\server\middleware\errorLogger.js:66:5)
    at Layer.handle [as handle_request] (C:\Users\yohan\Music\Teyake.com\server\node_modules\express\lib\router\layer.js:95:5)
    at trim_prefix (C:\Users\yohan\Music\Teyake.com\server\node_modules\express\lib\router\index.js:328:13)
    at C:\Users\yohan\Music\Teyake.com\server\node_modules\express\lib\router\index.js:286:9
    at Function.process_params (C:\Users\yohan\Music\Teyake.com\server\node_modules\express\lib\router\index.js:346:12)
    at next (C:\Users\yohan\Music\Teyake.com\server\node_modules\express\lib\router\index.js:280:10)
    at Layer.handle [as handle_request] (C:\Users\yohan\Music\Teyake.com\server\node_modules\express\lib\router\layer.js:91:12)
    at trim_prefix (C:\Users\yohan\Music\Teyake.com\server\node_modules\express\lib\router\index.js:328:13)
    at C:\Users\yohan\Music\Teyake.com\server\node_modules\express\lib\router\index.js:286:9
    at Function.process_params (C:\Users\yohan\Music\Teyake.com\server\node_modules\express\lib\router\index.js:346:12)
[2024-05-18 14:35:41]: http: ::1 - - [18/May/2024:11:35:41 +0000] "POST /api/users/login HTTP/1.1" 500 1147 "-" "PostmanRuntime/7.39.0"
[2024-05-18 14:37:20]: error: Status: error, Message: NOT_FOUND, Stack: Error: NOT_FOUND
    at notFound (C:\Users\yohan\Music\Teyake.com\server\middleware\errorLogger.js:66:5)
    at Layer.handle [as handle_request] (C:\Users\yohan\Music\Teyake.com\server\node_modules\express\lib\router\layer.js:95:5)
    at trim_prefix (C:\Users\yohan\Music\Teyake.com\server\node_modules\express\lib\router\index.js:328:13)
    at C:\Users\yohan\Music\Teyake.com\server\node_modules\express\lib\router\index.js:286:9
    at Function.process_params (C:\Users\yohan\Music\Teyake.com\server\node_modules\express\lib\router\index.js:346:12)
    at next (C:\Users\yohan\Music\Teyake.com\server\node_modules\express\lib\router\index.js:280:10)
    at Layer.handle [as handle_request] (C:\Users\yohan\Music\Teyake.com\server\node_modules\express\lib\router\layer.js:91:12)
    at trim_prefix (C:\Users\yohan\Music\Teyake.com\server\node_modules\express\lib\router\index.js:328:13)
    at C:\Users\yohan\Music\Teyake.com\server\node_modules\express\lib\router\index.js:286:9
    at Function.process_params (C:\Users\yohan\Music\Teyake.com\server\node_modules\express\lib\router\index.js:346:12)
[2024-05-18 14:37:20]: http: ::1 - - [18/May/2024:11:37:20 +0000] "POST /api/users/login HTTP/1.1" 500 1147 "-" "PostmanRuntime/7.39.0"
[2024-05-18 14:37:42]: info: Server running on port 8080
[2024-05-18 14:37:47]: info: Server running on port 8080
[2024-05-18 14:37:49]: info: Server running on port 8080
[2024-05-18 14:37:51]: info: Server running on port 8080
[2024-05-18 14:37:59]: http: ::1 - - [18/May/2024:11:37:59 +0000] "POST /api/users/login HTTP/1.1" 200 89 "-" "PostmanRuntime/7.39.0"
[2024-05-18 14:38:08]: info: Server running on port 8080
